[debug] [2021-07-29T12:21:46.505Z] ----------------------------------------------------------------------
[debug] [2021-07-29T12:21:46.508Z] Command:       /usr/local/bin/node /usr/local/bin/firebase emulators:start
[debug] [2021-07-29T12:21:46.508Z] CLI Version:   9.16.0
[debug] [2021-07-29T12:21:46.508Z] Platform:      darwin
[debug] [2021-07-29T12:21:46.508Z] Node Version:  v14.17.0
[debug] [2021-07-29T12:21:46.510Z] Time:          Thu Jul 29 2021 13:21:46 GMT+0100 (West Africa Standard Time)
[debug] [2021-07-29T12:21:46.510Z] ----------------------------------------------------------------------
[debug] 
[debug] [2021-07-29T12:21:46.598Z] > command requires scopes: ["email","openid","https://www.googleapis.com/auth/cloudplatformprojects.readonly","https://www.googleapis.com/auth/firebase","https://www.googleapis.com/auth/cloud-platform"]
[debug] [2021-07-29T12:21:46.599Z] > authorizing via signed-in user (abdulwahabhassan645@gmail.com)
[info] i  emulators: Starting emulators: auth, database, storage {"metadata":{"emulator":{"name":"hub"},"message":"Starting emulators: auth, database, storage"}}
[debug] [2021-07-29T12:21:46.643Z] [hub] writing locator at /var/folders/2y/8mlqwzy55q93752bjxt5jgbw0000gn/T/hub-colley-c37ea.json
[debug] [2021-07-29T12:21:46.705Z] > refreshing access token with scopes: []
[debug] [2021-07-29T12:21:46.706Z] >>> HTTP REQUEST POST https://www.googleapis.com/oauth2/v3/token  
 <request body omitted>
[debug] [2021-07-29T12:21:46.953Z] <<< HTTP RESPONSE 200 {"cache-control":"no-cache, no-store, max-age=0, must-revalidate","expires":"Mon, 01 Jan 1990 00:00:00 GMT","pragma":"no-cache","date":"Thu, 29 Jul 2021 12:21:46 GMT","content-type":"application/json; charset=utf-8","vary":"X-Origin, Referer, Origin,Accept-Encoding","server":"scaffolding on HTTPServer2","x-xss-protection":"0","x-frame-options":"SAMEORIGIN","x-content-type-options":"nosniff","alt-svc":"h3=\":443\"; ma=2592000,h3-29=\":443\"; ma=2592000,h3-T051=\":443\"; ma=2592000,h3-Q050=\":443\"; ma=2592000,h3-Q046=\":443\"; ma=2592000,h3-Q043=\":443\"; ma=2592000,quic=\":443\"; ma=2592000; v=\"46,43\"","accept-ranges":"none","transfer-encoding":"chunked"}
[debug] [2021-07-29T12:21:46.994Z] >>> [apiv2][query] GET https://firebase.googleapis.com/v1beta1/projects/colley-c37ea [none]
[debug] [2021-07-29T12:21:47.453Z] <<< [apiv2][status] GET https://firebase.googleapis.com/v1beta1/projects/colley-c37ea 200
[debug] [2021-07-29T12:21:47.453Z] <<< [apiv2][body] GET https://firebase.googleapis.com/v1beta1/projects/colley-c37ea {"projectId":"colley-c37ea","projectNumber":"732904586687","displayName":"colley","name":"projects/colley-c37ea","resources":{"hostingSite":"colley-c37ea","realtimeDatabaseInstance":"colley-c37ea-default-rtdb","storageBucket":"colley-c37ea.appspot.com","locationId":"us-central"},"state":"ACTIVE"}
[debug] [2021-07-29T12:21:47.453Z] database rules config:  [{"instance":"colley-c37ea-default-rtdb","rules":"/Users/mac/Projects/Colley/database.rules.json"}]
[debug] [2021-07-29T12:21:47.457Z] Ignoring unsupported arg: projectId {"metadata":{"emulator":{"name":"database"},"message":"Ignoring unsupported arg: projectId"}}
[debug] [2021-07-29T12:21:47.457Z] Ignoring unsupported arg: auto_download {"metadata":{"emulator":{"name":"database"},"message":"Ignoring unsupported arg: auto_download"}}
[debug] [2021-07-29T12:21:47.458Z] Ignoring unsupported arg: rules {"metadata":{"emulator":{"name":"database"},"message":"Ignoring unsupported arg: rules"}}
[debug] [2021-07-29T12:21:47.458Z] Starting Database Emulator with command {"binary":"java","args":["-Duser.language=en","-jar","/Users/mac/.cache/firebase/emulators/firebase-database-emulator-v4.7.2.jar","--host","localhost","--port",9000],"optionalArgs":["port","host","functions_emulator_port","functions_emulator_host"],"joinArgs":false} {"metadata":{"emulator":{"name":"database"},"message":"Starting Database Emulator with command {\"binary\":\"java\",\"args\":[\"-Duser.language=en\",\"-jar\",\"/Users/mac/.cache/firebase/emulators/firebase-database-emulator-v4.7.2.jar\",\"--host\",\"localhost\",\"--port\",9000],\"optionalArgs\":[\"port\",\"host\",\"functions_emulator_port\",\"functions_emulator_host\"],\"joinArgs\":false}"}}
[info] i  database: Database Emulator logging to database-debug.log {"metadata":{"emulator":{"name":"database"},"message":"Database Emulator logging to \u001b[1mdatabase-debug.log\u001b[22m"}}
[debug] [2021-07-29T12:21:49.167Z] WARNING: An illegal reflective access operation has occurred
WARNING: Illegal reflective access by io.netty.util.internal.ReflectionUtil (file:/Users/mac/.cache/firebase/emulators/firebase-database-emulator-v4.7.2.jar) to field sun.nio.ch.SelectorImpl.selectedKeys
WARNING: Please consider reporting this to the maintainers of io.netty.util.internal.ReflectionUtil
WARNING: Use --illegal-access=warn to enable warnings of further illegal reflective access operations
WARNING: All illegal access operations will be denied in a future release
 {"metadata":{"emulator":{"name":"database"},"message":"WARNING: An illegal reflective access operation has occurred\nWARNING: Illegal reflective access by io.netty.util.internal.ReflectionUtil (file:/Users/mac/.cache/firebase/emulators/firebase-database-emulator-v4.7.2.jar) to field sun.nio.ch.SelectorImpl.selectedKeys\nWARNING: Please consider reporting this to the maintainers of io.netty.util.internal.ReflectionUtil\nWARNING: Use --illegal-access=warn to enable warnings of further illegal reflective access operations\nWARNING: All illegal access operations will be denied in a future release\n"}}
[debug] [2021-07-29T12:21:51.380Z] 13:21:51.377 [NamespaceSystem-akka.actor.default-dispatcher-5] INFO akka.event.slf4j.Slf4jLogger - Slf4jLogger started
 {"metadata":{"emulator":{"name":"database"},"message":"13:21:51.377 [NamespaceSystem-akka.actor.default-dispatcher-5] INFO akka.event.slf4j.Slf4jLogger - Slf4jLogger started\n"}}
[debug] [2021-07-29T12:21:51.773Z] 13:21:51.772 [main] INFO com.firebase.server.forge.App$ - Listening at localhost:9000
 {"metadata":{"emulator":{"name":"database"},"message":"13:21:51.772 [main] INFO com.firebase.server.forge.App$ - Listening at localhost:9000\n"}}
[debug] [2021-07-29T12:21:56.269Z] Ignoring unsupported arg: port {"metadata":{"emulator":{"name":"storage"},"message":"Ignoring unsupported arg: port"}}
[debug] [2021-07-29T12:21:56.775Z] Temp file directory for storage emulator: /var/folders/2y/8mlqwzy55q93752bjxt5jgbw0000gn/T/firebase/storage/blobs {"metadata":{"emulator":{"name":"storage"},"message":"Temp file directory for storage emulator: /var/folders/2y/8mlqwzy55q93752bjxt5jgbw0000gn/T/firebase/storage/blobs"}}
[debug] [2021-07-29T12:21:58.596Z] Ignoring unsupported arg: auto_download {"metadata":{"emulator":{"name":"ui"},"message":"Ignoring unsupported arg: auto_download"}}
[debug] [2021-07-29T12:21:58.596Z] Ignoring unsupported arg: port {"metadata":{"emulator":{"name":"ui"},"message":"Ignoring unsupported arg: port"}}
[debug] [2021-07-29T12:21:58.596Z] Starting Emulator UI with command {"binary":"node","args":["/Users/mac/.cache/firebase/emulators/ui-v1.6.0/server.bundle.js"],"optionalArgs":[],"joinArgs":false} {"metadata":{"emulator":{"name":"ui"},"message":"Starting Emulator UI with command {\"binary\":\"node\",\"args\":[\"/Users/mac/.cache/firebase/emulators/ui-v1.6.0/server.bundle.js\"],\"optionalArgs\":[],\"joinArgs\":false}"}}
[info] i  ui: Emulator UI logging to ui-debug.log {"metadata":{"emulator":{"name":"ui"},"message":"Emulator UI logging to \u001b[1mui-debug.log\u001b[22m"}}
[debug] [2021-07-29T12:21:58.743Z] Web / API server started at localhost:4000
 {"metadata":{"emulator":{"name":"ui"},"message":"Web / API server started at localhost:4000\n"}}
[debug] [2021-07-29T12:21:58.865Z] >>> HTTP REQUEST PUT http://localhost:9000/.settings/rules.json?ns=colley-c37ea-default-rtdb  
 {
  "rules": {
    ".read": "auth.uid != null",
    ".write": "auth.uid != null"
  }
}

[debug] [2021-07-29T12:21:59.733Z] <<< HTTP RESPONSE 200 {"content-length":"15","content-type":"application/json; charset=utf-8","access-control-allow-origin":"*","cache-control":"no-cache","x-firebase-project-id":"colley-c37ea-default-rtdb","x-firebase-project-number":"123456789","x-firebase-uuid":"132a7683-0241-41b6-b44d-fe9dcd4a6533"}
[info] 
┌─────────────────────────────────────────────────────────────┐
│ ✔  All emulators ready! It is now safe to connect your app. │
│ i  View Emulator UI at http://localhost:4000                │
└─────────────────────────────────────────────────────────────┘

┌────────────────┬────────────────┬────────────────────────────────┐
│ Emulator       │ Host:Port      │ View in Emulator UI            │
├────────────────┼────────────────┼────────────────────────────────┤
│ Authentication │ localhost:9099 │ http://localhost:4000/auth     │
├────────────────┼────────────────┼────────────────────────────────┤
│ Database       │ localhost:9000 │ http://localhost:4000/database │
├────────────────┼────────────────┼────────────────────────────────┤
│ Storage        │ localhost:9199 │ http://localhost:4000/storage  │
└────────────────┴────────────────┴────────────────────────────────┘
  Emulator Hub running at localhost:4400
  Other reserved ports: 4500

Issues? Report them at https://github.com/firebase/firebase-tools/issues and attach the *-debug.log files.
 
